<?xml version="1.0" encoding="UTF-8"?>
<testsuite xmlns:xsi="http://www.w3.org/2001/XMLSchema-instance" xsi:noNamespaceSchemaLocation="https://maven.apache.org/surefire/maven-surefire-plugin/xsd/surefire-test-report-3.0.xsd" version="3.0" name="umons.fpms.ig19.ProfTest" time="0.415" tests="16" errors="0" skipped="0" failures="0">
  <properties>
    <property name="java.specification.version" value="21"/>
    <property name="sun.cpu.isalist" value="amd64"/>
    <property name="sun.jnu.encoding" value="Cp1252"/>
    <property name="java.class.path" value="C:\Users\mammo\OneDrive - UMONS\Documents\MA1\Q1\Projet et dev num\Expertise Digitale\TPs\TP1\TP1  Projets de base_VF\TP_JAJA_Maven-master\target\test-classes;C:\Users\mammo\OneDrive - UMONS\Documents\MA1\Q1\Projet et dev num\Expertise Digitale\TPs\TP1\TP1  Projets de base_VF\TP_JAJA_Maven-master\target\classes;C:\Users\mammo\.m2\repository\org\apache\ibatis\ibatis-core\3.0\ibatis-core-3.0.jar;C:\Users\mammo\.m2\repository\mysql\mysql-connector-java\8.0.18\mysql-connector-java-8.0.18.jar;C:\Users\mammo\.m2\repository\com\google\protobuf\protobuf-java\3.6.1\protobuf-java-3.6.1.jar;C:\Users\mammo\.m2\repository\junit\junit\4.12\junit-4.12.jar;C:\Users\mammo\.m2\repository\org\hamcrest\hamcrest-core\1.3\hamcrest-core-1.3.jar;C:\Users\mammo\.m2\repository\org\junit\jupiter\junit-jupiter-params\5.5.2\junit-jupiter-params-5.5.2.jar;C:\Users\mammo\.m2\repository\org\apiguardian\apiguardian-api\1.1.0\apiguardian-api-1.1.0.jar;C:\Users\mammo\.m2\repository\org\junit\jupiter\junit-jupiter-api\5.5.2\junit-jupiter-api-5.5.2.jar;C:\Users\mammo\.m2\repository\org\opentest4j\opentest4j\1.2.0\opentest4j-1.2.0.jar;C:\Users\mammo\.m2\repository\org\junit\platform\junit-platform-commons\1.5.2\junit-platform-commons-1.5.2.jar;"/>
    <property name="java.vm.vendor" value="Eclipse Adoptium"/>
    <property name="sun.arch.data.model" value="64"/>
    <property name="user.variant" value=""/>
    <property name="java.vendor.url" value="https://adoptium.net/"/>
    <property name="user.timezone" value="Europe/Brussels"/>
    <property name="user.country.format" value="BE"/>
    <property name="os.name" value="Windows 11"/>
    <property name="java.vm.specification.version" value="21"/>
    <property name="sun.java.launcher" value="SUN_STANDARD"/>
    <property name="user.country" value="US"/>
    <property name="sun.boot.library.path" value="C:\Program Files\Eclipse Adoptium\jdk-21.0.0.35-hotspot\bin"/>
    <property name="sun.java.command" value="C:\Users\mammo\AppData\Local\Temp\surefire10889858278737278157\surefirebooter-20241120122954064_3.jar C:\Users\mammo\AppData\Local\Temp\surefire10889858278737278157 2024-11-20T12-29-53_034-jvmRun1 surefire-20241120122954064_1tmp surefire_0-20241120122954064_2tmp"/>
    <property name="jdk.debug" value="release"/>
    <property name="test" value="Ig19Suite"/>
    <property name="surefire.test.class.path" value="C:\Users\mammo\OneDrive - UMONS\Documents\MA1\Q1\Projet et dev num\Expertise Digitale\TPs\TP1\TP1  Projets de base_VF\TP_JAJA_Maven-master\target\test-classes;C:\Users\mammo\OneDrive - UMONS\Documents\MA1\Q1\Projet et dev num\Expertise Digitale\TPs\TP1\TP1  Projets de base_VF\TP_JAJA_Maven-master\target\classes;C:\Users\mammo\.m2\repository\org\apache\ibatis\ibatis-core\3.0\ibatis-core-3.0.jar;C:\Users\mammo\.m2\repository\mysql\mysql-connector-java\8.0.18\mysql-connector-java-8.0.18.jar;C:\Users\mammo\.m2\repository\com\google\protobuf\protobuf-java\3.6.1\protobuf-java-3.6.1.jar;C:\Users\mammo\.m2\repository\junit\junit\4.12\junit-4.12.jar;C:\Users\mammo\.m2\repository\org\hamcrest\hamcrest-core\1.3\hamcrest-core-1.3.jar;C:\Users\mammo\.m2\repository\org\junit\jupiter\junit-jupiter-params\5.5.2\junit-jupiter-params-5.5.2.jar;C:\Users\mammo\.m2\repository\org\apiguardian\apiguardian-api\1.1.0\apiguardian-api-1.1.0.jar;C:\Users\mammo\.m2\repository\org\junit\jupiter\junit-jupiter-api\5.5.2\junit-jupiter-api-5.5.2.jar;C:\Users\mammo\.m2\repository\org\opentest4j\opentest4j\1.2.0\opentest4j-1.2.0.jar;C:\Users\mammo\.m2\repository\org\junit\platform\junit-platform-commons\1.5.2\junit-platform-commons-1.5.2.jar;"/>
    <property name="sun.cpu.endian" value="little"/>
    <property name="user.home" value="C:\Users\mammo"/>
    <property name="user.language" value="en"/>
    <property name="java.specification.vendor" value="Oracle Corporation"/>
    <property name="java.version.date" value="2023-09-19"/>
    <property name="java.home" value="C:\Program Files\Eclipse Adoptium\jdk-21.0.0.35-hotspot"/>
    <property name="file.separator" value="\"/>
    <property name="basedir" value="C:\Users\mammo\OneDrive - UMONS\Documents\MA1\Q1\Projet et dev num\Expertise Digitale\TPs\TP1\TP1  Projets de base_VF\TP_JAJA_Maven-master"/>
    <property name="java.vm.compressedOopsMode" value="Zero based"/>
    <property name="line.separator" value="&#10;"/>
    <property name="java.vm.specification.vendor" value="Oracle Corporation"/>
    <property name="java.specification.name" value="Java Platform API Specification"/>
    <property name="surefire.real.class.path" value="C:\Users\mammo\AppData\Local\Temp\surefire10889858278737278157\surefirebooter-20241120122954064_3.jar"/>
    <property name="user.script" value=""/>
    <property name="sun.management.compiler" value="HotSpot 64-Bit Tiered Compilers"/>
    <property name="java.runtime.version" value="21+35-LTS"/>
    <property name="user.name" value="Mounir"/>
    <property name="stdout.encoding" value="Cp1252"/>
    <property name="path.separator" value=";"/>
    <property name="os.version" value="10.0"/>
    <property name="java.runtime.name" value="OpenJDK Runtime Environment"/>
    <property name="file.encoding" value="UTF-8"/>
    <property name="java.vm.name" value="OpenJDK 64-Bit Server VM"/>
    <property name="java.vendor.version" value="Temurin-21+35"/>
    <property name="localRepository" value="C:\Users\mammo\.m2\repository"/>
    <property name="java.vendor.url.bug" value="https://github.com/adoptium/adoptium-support/issues"/>
    <property name="java.io.tmpdir" value="C:\Users\mammo\AppData\Local\Temp\"/>
    <property name="java.version" value="21"/>
    <property name="user.dir" value="C:\Users\mammo\OneDrive - UMONS\Documents\MA1\Q1\Projet et dev num\Expertise Digitale\TPs\TP1\TP1  Projets de base_VF\TP_JAJA_Maven-master"/>
    <property name="os.arch" value="amd64"/>
    <property name="java.vm.specification.name" value="Java Virtual Machine Specification"/>
    <property name="user.language.format" value="fr"/>
    <property name="sun.os.patch.level" value=""/>
    <property name="native.encoding" value="Cp1252"/>
    <property name="java.library.path" value="C:\Program Files\Eclipse Adoptium\jdk-21.0.0.35-hotspot\bin;C:\WINDOWS\Sun\Java\bin;C:\WINDOWS\system32;C:\WINDOWS;c:\Program Files\Eclipse Adoptium\jdk-11.0.22.7-hotspot\bin;C:\Program Files\Eclipse Adoptium\jdk-21.0.0.35-hotspot\bin;C:\WINDOWS\system32;C:\WINDOWS;C:\WINDOWS\System32\Wbem;C:\WINDOWS\System32\WindowsPowerShell\v1.0\;C:\WINDOWS\System32\OpenSSH\;C:\Program Files (x86)\Windows Kits\8.1\Windows Performance Toolkit\;C:\Program Files\Microsoft SQL Server\150\Tools\Binn\;C:\WINDOWS\system32;C:\WINDOWS;C:\WINDOWS\System32\Wbem;C:\WINDOWS\System32\WindowsPowerShell\v1.0\;C:\WINDOWS\System32\OpenSSH\;C:\Program Files\Docker\Docker\resources\bin;C:\composer;C:\Program Files\Git\cmd;C:\Program Files\Git\bin\git.exe;C:\Program Files\nodejs\;C:\ProgramData\chocolatey\bin;C:\Users\mammo\AppData\Local\Android\Sdk\platform-tools;C:\Program Files\Maven\apache-maven-3.9.9\bin;C:\Users\mammo\.config\herd-lite\bin;C:\Users\mammo\AppData\Local\Programs\Python\Python312\Scripts\;C:\Users\mammo\AppData\Local\Programs\Python\Python312\;C:\Users\mammo\AppData\Local\Programs\Python\Launcher\;C:\Users\mammo\AppData\Local\Microsoft\WindowsApps;C:\Users\mammo\AppData\Roaming\Composer\vendor\bin;C:\Users\mammo\AppData\Local\GitHubDesktop\bin;C:\Users\mammo\AppData\Roaming\npm;C:\Users\mammo\.dotnet\tools;C:\Users\mammo\AppData\Local\Programs\Microsoft VS Code\bin;."/>
    <property name="java.vm.info" value="mixed mode, sharing"/>
    <property name="stderr.encoding" value="Cp1252"/>
    <property name="java.vendor" value="Eclipse Adoptium"/>
    <property name="java.vm.version" value="21+35-LTS"/>
    <property name="sun.io.unicode.encoding" value="UnicodeLittle"/>
    <property name="java.class.version" value="65.0"/>
  </properties>
  <testcase name="testSetDateNaiss" classname="umons.fpms.ig19.ProfTest" time="0.001">
    <system-out><![CDATA[Prof.Before.setUp
Prof.Test.setDateNaiss
Prof.After.tearDown
]]></system-out>
  </testcase>
  <testcase name="testSetFirstname" classname="umons.fpms.ig19.ProfTest" time="0.001">
    <system-out><![CDATA[Prof.Before.setUp
Prof.Test.setFirstname
Prof{name=null, firstname=Dadday, dateNaiss=null, lieuNaiss=null}
Prof.After.tearDown
]]></system-out>
  </testcase>
  <testcase name="testAdd" classname="umons.fpms.ig19.ProfTest" time="0.183">
    <system-out><![CDATA[Prof.Before.setUp
Prof.Test.add
Connection Established... 
Connection Established... 
Connection Established... 
Connection Established... 
Connection Established... 
Connection Established... 
[Prof{name=NOFFABEL, firstname=Dadday, dateNaiss=12/07/1989, lieuNaiss=Yamoussoukro}, Prof{name=TJM_PROF1, firstname=TJM_Prof1, dateNaiss=10/05/1984, lieuNaiss=Louvain}, Prof{name=TJM_PROF2, firstname=TJM_Prof2, dateNaiss=10/10/1984, lieuNaiss=Charleroi}, Prof{name=TJM_PROF3, firstname=TJM_Prof3, dateNaiss=10/10/1987, lieuNaiss=Paris}, Prof{name=NOFFABEL, firstname=Dadday, dateNaiss=12/07/1989, lieuNaiss=Yamoussoukro}, Prof{name=TJM_PROF1, firstname=TJM_Prof1, dateNaiss=10/05/1984, lieuNaiss=Louvain}, Prof{name=TJM_PROF0, firstname=TJM_Prof0, dateNaiss=, lieuNaiss=}, Prof{name=TJM_PROF2, firstname=TJM_Prof2, dateNaiss=10/10/1984, lieuNaiss=Charleroi}, Prof{name=TJM_PROF3, firstname=TJM_Prof3, dateNaiss=10/10/1987, lieuNaiss=Paris}, Prof{name=NOFFABEL, firstname=Dadday, dateNaiss=12/07/1989, lieuNaiss=Yamoussoukro}, Prof{name=TJM_PROF1, firstname=TJM_Prof1, dateNaiss=10/05/1984, lieuNaiss=Louvain}, Prof{name=TJM_PROF0, firstname=TJM_Prof0, dateNaiss=, lieuNaiss=}, Prof{name=TJM_PROF2, firstname=TJM_Prof2, dateNaiss=10/10/1984, lieuNaiss=Charleroi}, Prof{name=TJM_PROF3, firstname=TJM_Prof3, dateNaiss=10/10/1987, lieuNaiss=Paris}, Prof{name=NOFFABEL, firstname=Dadday, dateNaiss=12/07/1989, lieuNaiss=Yamoussoukro}, Prof{name=TJM_PROF1, firstname=TJM_Prof1, dateNaiss=10/05/1984, lieuNaiss=Louvain}, Prof{name=TJM_PROF0, firstname=TJM_Prof0, dateNaiss=, lieuNaiss=}, Prof{name=TJM_PROF2, firstname=TJM_Prof2, dateNaiss=10/10/1984, lieuNaiss=Charleroi}, Prof{name=TJM_PROF3, firstname=TJM_Prof3, dateNaiss=10/10/1987, lieuNaiss=Paris}]
Prof.After.tearDown
]]></system-out>
  </testcase>
  <testcase name="testToString" classname="umons.fpms.ig19.ProfTest" time="0.002">
    <system-out><![CDATA[Prof.Before.setUp
Prof.Test.toString
Prof.After.tearDown
]]></system-out>
  </testcase>
  <testcase name="testSelect_0args" classname="umons.fpms.ig19.ProfTest" time="0.023">
    <system-out><![CDATA[Prof.Before.setUp
Prof.Test.select
Liste des profs...
Connection Established... 
[Prof{name=NOFFABEL, firstname=Dadday, dateNaiss=12/07/1989, lieuNaiss=Yamoussoukro}, Prof{name=TJM_PROF1, firstname=TJM_Prof1, dateNaiss=10/05/1984, lieuNaiss=Louvain}, Prof{name=TJM_PROF2, firstname=TJM_Prof2, dateNaiss=10/10/1984, lieuNaiss=Charleroi}, Prof{name=TJM_PROF3, firstname=TJM_Prof3, dateNaiss=10/10/1987, lieuNaiss=Paris}, Prof{name=NOFFABEL, firstname=Dadday, dateNaiss=12/07/1989, lieuNaiss=Yamoussoukro}, Prof{name=TJM_PROF1, firstname=TJM_Prof1, dateNaiss=10/05/1984, lieuNaiss=Louvain}, Prof{name=TJM_PROF0, firstname=TJM_Prof0, dateNaiss=, lieuNaiss=}, Prof{name=TJM_PROF2, firstname=TJM_Prof2, dateNaiss=10/10/1984, lieuNaiss=Charleroi}, Prof{name=TJM_PROF3, firstname=TJM_Prof3, dateNaiss=10/10/1987, lieuNaiss=Paris}, Prof{name=NOFFABEL, firstname=Dadday, dateNaiss=12/07/1989, lieuNaiss=Yamoussoukro}, Prof{name=TJM_PROF1, firstname=TJM_Prof1, dateNaiss=10/05/1984, lieuNaiss=Louvain}, Prof{name=TJM_PROF0, firstname=TJM_Prof0, dateNaiss=, lieuNaiss=}, Prof{name=TJM_PROF2, firstname=TJM_Prof2, dateNaiss=10/10/1984, lieuNaiss=Charleroi}, Prof{name=TJM_PROF3, firstname=TJM_Prof3, dateNaiss=10/10/1987, lieuNaiss=Paris}, Prof{name=NOFFABEL, firstname=Dadday, dateNaiss=12/07/1989, lieuNaiss=Yamoussoukro}, Prof{name=TJM_PROF1, firstname=TJM_Prof1, dateNaiss=10/05/1984, lieuNaiss=Louvain}, Prof{name=TJM_PROF0, firstname=TJM_Prof0, dateNaiss=, lieuNaiss=}, Prof{name=TJM_PROF2, firstname=TJM_Prof2, dateNaiss=10/10/1984, lieuNaiss=Charleroi}, Prof{name=TJM_PROF3, firstname=TJM_Prof3, dateNaiss=10/10/1987, lieuNaiss=Paris}]
Prof.After.tearDown
]]></system-out>
  </testcase>
  <testcase name="testGetName" classname="umons.fpms.ig19.ProfTest" time="0.001">
    <system-out><![CDATA[Prof.Before.setUp
Prof.Test.getName
Prof.After.tearDown
]]></system-out>
  </testcase>
  <testcase name="testGetListCours" classname="umons.fpms.ig19.ProfTest" time="0.024">
    <system-out><![CDATA[Prof.Before.setUp
Prof.Test.getListCours
Liste des cours du Prof: NOFFABEL Dadday
Connection Established... 
[Cours{intitule=Intégration continue, duree=2h, prof=1}, Cours{intitule=IA, duree=3h, prof=1}, Cours{intitule=BDD, duree=3h, prof=1}]
Prof.After.tearDown
]]></system-out>
  </testcase>
  <testcase name="testGetLieuNaiss" classname="umons.fpms.ig19.ProfTest" time="0.0">
    <system-out><![CDATA[Prof.Before.setUp
Prof.Test.getLieuNaiss
Prof.After.tearDown
]]></system-out>
  </testcase>
  <testcase name="testGetDateNaiss" classname="umons.fpms.ig19.ProfTest" time="0.001">
    <system-out><![CDATA[Prof.Before.setUp
Prof.Test.getDateNaiss
Prof.After.tearDown
]]></system-out>
  </testcase>
  <testcase name="testGetFirstname" classname="umons.fpms.ig19.ProfTest" time="0.003">
    <system-out><![CDATA[Prof.Before.setUp
Prof.Test.getFirstname
Prof.After.tearDown
]]></system-out>
  </testcase>
  <testcase name="testDelete" classname="umons.fpms.ig19.ProfTest" time="0.046">
    <system-out><![CDATA[Prof.Before.setUp
Prof.Test.Delete
Connection Established... 
Connection Established... 
[Prof{name=NOFFABEL, firstname=Dadday, dateNaiss=12/07/1989, lieuNaiss=Yamoussoukro}, Prof{name=TJM_PROF1, firstname=TJM_Prof1, dateNaiss=10/05/1984, lieuNaiss=Louvain}, Prof{name=TJM_PROF2, firstname=TJM_Prof2, dateNaiss=10/10/1984, lieuNaiss=Charleroi}, Prof{name=TJM_PROF3, firstname=TJM_Prof3, dateNaiss=10/10/1987, lieuNaiss=Paris}, Prof{name=NOFFABEL, firstname=Dadday, dateNaiss=12/07/1989, lieuNaiss=Yamoussoukro}, Prof{name=TJM_PROF1, firstname=TJM_Prof1, dateNaiss=10/05/1984, lieuNaiss=Louvain}, Prof{name=TJM_PROF0, firstname=TJM_Prof0, dateNaiss=, lieuNaiss=}, Prof{name=TJM_PROF2, firstname=TJM_Prof2, dateNaiss=10/10/1984, lieuNaiss=Charleroi}, Prof{name=TJM_PROF3, firstname=TJM_Prof3, dateNaiss=10/10/1987, lieuNaiss=Paris}, Prof{name=NOFFABEL, firstname=Dadday, dateNaiss=12/07/1989, lieuNaiss=Yamoussoukro}, Prof{name=TJM_PROF1, firstname=TJM_Prof1, dateNaiss=10/05/1984, lieuNaiss=Louvain}, Prof{name=TJM_PROF0, firstname=TJM_Prof0, dateNaiss=, lieuNaiss=}, Prof{name=TJM_PROF2, firstname=TJM_Prof2, dateNaiss=10/10/1984, lieuNaiss=Charleroi}, Prof{name=TJM_PROF3, firstname=TJM_Prof3, dateNaiss=10/10/1987, lieuNaiss=Paris}, Prof{name=NOFFABEL, firstname=Dadday, dateNaiss=12/07/1989, lieuNaiss=Yamoussoukro}, Prof{name=TJM_PROF1, firstname=TJM_Prof1, dateNaiss=10/05/1984, lieuNaiss=Louvain}, Prof{name=TJM_PROF0, firstname=TJM_Prof0, dateNaiss=, lieuNaiss=}, Prof{name=TJM_PROF2, firstname=TJM_Prof2, dateNaiss=10/10/1984, lieuNaiss=Charleroi}, Prof{name=TJM_PROF3, firstname=TJM_Prof3, dateNaiss=10/10/1987, lieuNaiss=Paris}]
Prof.After.tearDown
]]></system-out>
  </testcase>
  <testcase name="testSetName" classname="umons.fpms.ig19.ProfTest" time="0.001">
    <system-out><![CDATA[Prof.Before.setUp
Prof.Test.setname
Prof.After.tearDown
]]></system-out>
  </testcase>
  <testcase name="testUpdate" classname="umons.fpms.ig19.ProfTest" time="0.046">
    <system-out><![CDATA[Prof.Before.setUp
Prof.Test.Update
Connection Established... 
Update DONE !!!
Connection Established... 
[Prof{name=NOFFABEL, firstname=Dadday, dateNaiss=12/07/1989, lieuNaiss=Yamoussoukro}, Prof{name=TJM_PROF1, firstname=TJM_Prof1, dateNaiss=10/05/1984, lieuNaiss=Louvain}, Prof{name=TJM_PROF2, firstname=TJM_Prof2, dateNaiss=10/10/1984, lieuNaiss=Charleroi}, Prof{name=TJM_PROF3, firstname=TJM_Prof3, dateNaiss=10/10/1987, lieuNaiss=Paris}, Prof{name=NOFFABEL, firstname=Dadday, dateNaiss=12/07/1989, lieuNaiss=Yamoussoukro}, Prof{name=TJM_PROF1, firstname=TJM_Prof1, dateNaiss=10/05/1984, lieuNaiss=Louvain}, Prof{name=TJM_PROF0, firstname=TJM_Prof0, dateNaiss=, lieuNaiss=}, Prof{name=TJM_PROF2, firstname=TJM_Prof2, dateNaiss=10/10/1984, lieuNaiss=Charleroi}, Prof{name=TJM_PROF3, firstname=TJM_Prof3, dateNaiss=10/10/1987, lieuNaiss=Paris}, Prof{name=NOFFABEL, firstname=Dadday, dateNaiss=12/07/1989, lieuNaiss=Yamoussoukro}, Prof{name=TJM_PROF1, firstname=TJM_Prof1, dateNaiss=10/05/1984, lieuNaiss=Louvain}, Prof{name=TJM_PROF0, firstname=TJM_Prof0, dateNaiss=, lieuNaiss=}, Prof{name=TJM_PROF2, firstname=TJM_Prof2, dateNaiss=10/10/1984, lieuNaiss=Charleroi}, Prof{name=TJM_PROF3, firstname=TJM_Prof3, dateNaiss=10/10/1987, lieuNaiss=Paris}, Prof{name=NOFFABEL, firstname=Dadday, dateNaiss=12/07/1989, lieuNaiss=Yamoussoukro}, Prof{name=TJM_PROF1, firstname=TJM_Prof1, dateNaiss=10/05/1984, lieuNaiss=Louvain}, Prof{name=TJM_PROF0, firstname=TJM_Prof0, dateNaiss=, lieuNaiss=}, Prof{name=TJM_PROF2, firstname=TJM_Prof2, dateNaiss=10/10/1984, lieuNaiss=Charleroi}, Prof{name=TJM_PROF3, firstname=TJM_Prof3, dateNaiss=10/10/1987, lieuNaiss=Paris}]
Prof.After.tearDown
]]></system-out>
  </testcase>
  <testcase name="testSetLieuNaiss" classname="umons.fpms.ig19.ProfTest" time="0.0">
    <system-out><![CDATA[Prof.Before.setUp
Prof.Test.setLieuNaiss
Prof.After.tearDown
]]></system-out>
  </testcase>
  <testcase name="testSelect_String" classname="umons.fpms.ig19.ProfTest" time="0.055">
    <system-out><![CDATA[Prof.Before.setUp
Prof.Test.select_name
Connection Established... 
java.sql.SQLSyntaxErrorException: Erreur de syntaxe près de '?' à la ligne 1
[]
Prof.After.tearDown
]]></system-out>
  </testcase>
  <testcase name="testSelect_int" classname="umons.fpms.ig19.ProfTest" time="0.019">
    <system-out><![CDATA[Prof.Before.setUp
Prof.Test.select_id
Connection Established... 
Prof{name=NOFFABEL, firstname=Dadday, dateNaiss=12/07/1989, lieuNaiss=Yamoussoukro}
Prof.After.tearDown
]]></system-out>
  </testcase>
</testsuite>